Case #1: 19 20
Case #2: 023 023
Case #3: 0 0
Case #4: 05 00
Case #5: 008 012
Case #6: 070 029
Case #7: 959 959
Case #8: 060 029
Case #9: 040 009
Case #10: 504 504
Case #11: 352 355
Case #12: 049 090
Case #13: 006 006
Case #14: 099 100
Case #15: 88 93
Case #16: 100 099
Case #17: 09 09
Case #18: 887 926
Case #19: 297 760
Case #20: 300 300
Case #21: 955 960
Case #22: 09 09
Case #23: 99 99
Case #24: 038 039
Case #25: 290 290
Case #26: 772 772
Case #27: 909 990
Case #28: 019 050
Case #29: 05 05
Case #30: 988 993
Case #31: 001 030
Case #32: 93 88
Case #33: 498 508
Case #34: 607 607
Case #35: 093 098
Case #36: 988 992
Case #37: 078 120
Case #38: 00 00
Case #39: 009 050
Case #40: 146 146
Case #41: 00 00
Case #42: 09 09
Case #43: 00 00
Case #44: 046 046
Case #45: 99 95
Case #46: 400 299
Case #47: 489 299
Case #48: 00 00
Case #49: 733 733
Case #50: 994 949
Case #51: 110 065
Case #52: 194 195
Case #53: 95 99
Case #54: 080 049
Case #55: 599 601
Case #56: 99 99
Case #57: 910 909
Case #58: 90 90
Case #59: 606 606
Case #60: 461 461
Case #61: 764 764
Case #62: 5 5
Case #63: 130 130
Case #64: 005 005
Case #65: 00 05
Case #66: 010 010
Case #67: 059 090
Case #68: 200 200
Case #69: 130 099
Case #70: 090 059
Case #71: 866 866
Case #72: 500 498
Case #73: 397 401
Case #74: 069 100
Case #75: 05 05
Case #76: 730 727
Case #77: 5 5
Case #78: 05 05
Case #79: 019 060
Case #80: 009 040
Case #81: 09 99
Case #82: 186 167
Case #83: 716 716
Case #84: 00 00
Case #85: 990 909
Case #86: 000 000
Case #87: 10 05
Case #88: 010 010
Case #89: 039 040
Case #90: 90 09
Case #91: 05 10
Case #92: 442 438
Case #93: 029 070
Case #94: 05 05
Case #95: 003 009
Case #96: 408 410
Case #97: 648 648
Case #98: 9 9
Case #99: 039 070
Case #100: 009 012
Case #101: 111 108
Case #102: 308 310
Case #103: 300 300
Case #104: 051 051
Case #105: 99 99
Case #106: 99 99
Case #107: 010 009
Case #108: 90 99
Case #109: 800 699
Case #110: 308 306
Case #111: 721 679
Case #112: 891 399
Case #113: 159 300
Case #114: 047 047
Case #115: 465 465
Case #116: 409 409
Case #117: 159 161
Case #118: 992 988
Case #119: 993 988
Case #120: 008 010
Case #121: 95 95
Case #122: 05 09
Case #123: 080 039
Case #124: 800 800
Case #125: 90 90
Case #126: 764 780
Case #127: 499 499
Case #128: 9 9
Case #129: 301 301
Case #130: 100 069
Case #131: 060 019
Case #132: 087 100
Case #133: 99 09
Case #134: 057 061
Case #135: 000 000
Case #136: 639 635
Case #137: 199 900
Case #138: 029 060
Case #139: 029 070
Case #140: 725 725
Case #141: 050 019
Case #142: 409 416
Case #143: 470 470
Case #144: 028 300
Case #145: 069 049
Case #146: 99 99
Case #147: 000 000
Case #148: 497 500
Case #149: 110 079
Case #150: 120 089
Case #151: 605 605
Case #152: 089 120
Case #153: 025 021
Case #154: 99 99
Case #155: 0 0
Case #156: 283 400
Case #157: 95 95
Case #158: 99 90
Case #159: 09 05
Case #160: 0 0
Case #161: 098 093
Case #162: 09 90
Case #163: 397 760
Case #164: 90 90
Case #165: 354 354
Case #166: 90 90
Case #167: 600 099
Case #168: 099 130
Case #169: 079 110
Case #170: 065 065
Case #171: 050 009
Case #172: 984 984
Case #173: 102 098
Case #174: 092 093
Case #175: 09 09
Case #176: 909 910
Case #177: 580 580
Case #178: 090 090
Case #179: 630 630
Case #180: 00 00
Case #181: 007 007
Case #182: 754 754
Case #183: 99 99
Case #184: 99 99
Case #185: 599 901
Case #186: 910 910
Case #187: 409 019
Case #188: 049 080
Case #189: 070 039
Case #190: 396 682
Case #191: 10 09
Case #192: 142 270
Case #193: 039 080
Case #194: 09 10
Case #195: 199 199
Case #196: 807 810
Case #197: 099 909
Case #198: 090 049
Case #199: 900 399
Case #200: 00 00
