Case #1: 19 20
Case #2: 023 023
Case #3: 0 0
Case #4: 05 00
Case #5: 999999999999999999 999999999999999999
Case #6: 5 5
Case #7: 9681 9681
Case #8: 999999999999999999 999999999999999999
Case #9: 909090909090909095 909090909090909095
Case #10: 000000000000000010 000000000000000009
Case #11: 999999999999999999 999999999999999999
Case #12: 049 090
Case #13: 100009000090009000 099999099990999999
Case #14: 099999999999999999 909090909090909090
Case #15: 999999999999999999 999999999999999999
Case #16: 09999099909099999 10000000000000090
Case #17: 999999999999999995 999999999999999999
Case #18: 00009595959595909 00050500050505000
Case #19: 503 502
Case #20: 900000000000000009 900000000000000009
Case #21: 05040506040605060 05040494949496959
Case #22: 01959695909590969 05000904000104040
Case #23: 00 00
Case #24: 09010910010101090 09010909999991909
Case #25: 09919990919199909 10090001090900000
Case #26: 070 029
Case #27: 100101009101990919 100101009119900900
Case #28: 404609001000104000 149919195499694096
Case #29: 990000909000908093 909999990999993998
Case #30: 439799999550929999 440100531948280700
Case #31: 987654321000000000 987654319876543210
Case #32: 999999999999999999 999999999999999999
Case #33: 5 5
Case #34: 900735620400340000 599462598439994141
Case #35: 00001000000005000 00000590909595909
Case #36: 012345678999999999 012345680123456789
Case #37: 3929999999732799 3934005468780600
Case #38: 00099 00500
Case #39: 00571809020308013 00571809020298898
Case #40: 497397997809939999 500760401600727100
Case #41: 96608880910201080 96608854879496916
Case #42: 009 050
Case #43: 019 060
Case #44: 09909591909096959 10040901050600060
Case #45: 999999999999999999 999999999999999990
Case #46: 055950990090559999 059050959500099000
Case #47: 599462517191699099 700350900023309003
Case #48: 11010000000901010 09999190919099919
Case #49: 9 9
Case #50: 00 05
Case #51: 549500144469995414 549500144490009060
Case #52: 099999999999999999 099999999999999999
Case #53: 900000000000000005 900000000000000005
Case #54: 900000009009000000 009990099099999900
Case #55: 909090909090909090 909090909090909090
Case #56: 999999999999999999 999999999999999995
Case #57: 012345678999999999 012345679876543210
Case #58: 219499 220006
Case #59: 987654321000000000 987654320123456789
Case #60: 000000000000000000 000000000000000000
Case #61: 21999025939359 25400000100600
Case #62: 09000009050500050 05999099999099999
Case #63: 000000000000000005 000000000000000005
Case #64: 100000000000000000 099999999999999999
Case #65: 029998 050128
Case #66: 999999999999999999 999999999999999999
Case #67: 466406505405506405 466406505405449999
Case #68: 029 070
Case #69: 080 039
Case #70: 295799909991999608 300000938033925600
Case #71: 999999999999999990 999999999999999999
Case #72: 500005595905905000 050999999995990909
Case #73: 099999999999999999 099999999999999999
Case #74: 90662882149 90665030020
Case #75: 10000909000009090 09999999999999909
Case #76: 959900999595999909 959901000000000005
Case #77: 596559496949969994 600604405640546606
Case #78: 10000009090909090 09999090999999999
Case #79: 09000109050004000 09000109049695959
Case #80: 999999999999999999 999999999999999999
Case #81: 000000000000000009 000000000000000010
Case #82: 100099021059000807 099990679191999990
Case #83: 09050005000000000 09009595909990959
Case #84: 909090909090909090 909090909090909090
Case #85: 306305077800073000 091292959579926979
Case #86: 099990000909099909 099990009099009000
Case #87: 02080596979293969 02080802040106020
Case #88: 990910000090090909 990909099099099909
Case #89: 050 009
Case #90: 004008129 004008207
Case #91: 9040000804800023 8913568699549999
Case #92: 07700 03999
Case #93: 602043300000000500 602041969559979919
Case #94: 10000005000000000 05959595959090959
Case #95: 909090909090909099 909090909090909099
Case #96: 999999999999999999 999999999999999999
Case #97: 09667550780007010 09667079994999118
Case #98: 999999999999999999 999999999999999999
Case #99: 190090001101900011 190090001101900011
Case #100: 05949496949596949 06050404040406050
Case #101: 000000000000000005 000000000000000005
Case #102: 05009595959595909 05050505000000050
Case #103: 05959095959090909 10000000000005050
Case #104: 05909895989899949 06040407000704020
Case #105: 909090000000009000 090999999909009909
Case #106: 79870090 58798993
Case #107: 000000000000000005 000000000000000000
Case #108: 605004405060500111 599996644944999994
Case #109: 909090909090909095 909090909090909095
Case #110: 110190090099900901 101909999910991911
Case #111: 09909497909098989 13050208040602050
Case #112: 099999999999999999 999999999999999999
Case #113: 11040609000400090 06999691999596919
Case #114: 564999945949549445 566505460005055404
Case #115: 090 049
Case #116: 05969694969494969 06040505040504040
Case #117: 93 88
Case #118: 00500 00099
Case #119: 099999999999999999 099999999999999999
Case #120: 000000000000000009 000000000000000009
Case #121: 8303003 8303005
Case #122: 099999999999999999 900000000000000000
Case #123: 500509999090905999 500550500500005000
Case #124: 099999999999999999 099999999999999999
Case #125: 999999999999999999 999999999999999999
Case #126: 000000000000000000 000000000000000000
Case #127: 594004805006600900 555049999694996999
Case #128: 900000000000000009 900000000000000009
Case #129: 900000000000000000 900000000000000000
Case #130: 000000000000000000 000000000000000000
Case #131: 60069999994945919 60080001730548002
Case #132: 060 019
Case #133: 099999555905999909 500000050550000005
Case #134: 000000000000000000 000000000000000005
Case #135: 308919999929999099 310065000080601909
Case #136: 090000059509909995 090000059550000005
Case #137: 000690949009901999 001008020950210030
Case #138: 109999093 989074009
Case #139: 02989799949591919 06030608060407050
Case #140: 000000000000000005 000000000000000009
Case #141: 190109011909911100 190109011909911099
Case #142: 900000000000000000 900000000000000000
Case #143: 505000005500050000 099590090559559995
Case #144: 899991949992 918005660040
Case #145: 3539259999999 9002800300390
Case #146: 00099099919090999 00110900010901000
Case #147: 500682 500394
Case #148: 900000000000000005 900000000000000005
Case #149: 0 0
Case #150: 05959694969495959 06050506050404040
Case #151: 909090909090909090 909090909090909090
Case #152: 644056555445556466 644056555445554999
Case #153: 67799 67908
Case #154: 000000000000000009 000000000000000009
Case #155: 01099099919099909 01100001090001000
Case #156: 497923979130949329 500000154297053000
Case #157: 06049494959696959 06060605040404040
Case #158: 039 080
Case #159: 055506044699969599 055506045040005044
Case #160: 09949691999190909 10050101050900050
Case #161: 88 93
Case #162: 909090909090909090 909090909090909090
Case #163: 05090505000905090 05090500909995999
Case #164: 999999999999999999 999999999999999999
Case #165: 9 9
Case #166: 120007529804700 109839793519919
Case #167: 990990001000900505 990990000990990055
Case #168: 909090909090909090 099999999999999999
Case #169: 900000000000000000 099999999999999999
Case #170: 0 0
Case #171: 005000555500005000 000955999055000000
Case #172: 866999699 880097100
Case #173: 772207024099296999 772207024400020092
Case #174: 045312799719391399 045321052707051000
Case #175: 440916040000000004 440916036699919099
Case #176: 10 05
Case #177: 594899393893999 600200646270700
Case #178: 119991999199191910 901110901009000000
Case #179: 05 10
Case #180: 09999099999999909 10000000090009000
Case #181: 10000009000909090 09999090909099909
Case #182: 09939392969696969 11000804080805050
Case #183: 44500080909692919 44500081400200100
Case #184: 099999999999999999 100000000000000000
Case #185: 555005050550000000 555005050549599599
Case #186: 4000050800000200 3959710419219999
Case #187: 270901 770600
Case #188: 000000000000000009 000000000000000005
Case #189: 999999999999999999 999999999999999999
Case #190: 644969141904959999 645014000005600101
Case #191: 999999999999999999 099999999999999999
Case #192: 10090000090005090 09909099959595999
Case #193: 09959099999999999 10000009050005000
Case #194: 098003908092092002 093998992998993998
Case #195: 099999999999999995 099999999999999999
Case #196: 0089949999998 0090266000455
Case #197: 909090909090909099 909090909090909099
Case #198: 9909030065 4999999429
Case #199: 49960006 49960006
Case #200: 099999999999999999 099999999999999995
